# JRE version: OpenJDK Runtime Environment (8.0_181-b13) (build 1.8.0_181-b13)
# Java VM: OpenJDK 64-Bit Server VM (25.181-b13 mixed mode linux-amd64 compressed oops)
Heap:
 PSYoungGen      total 309248K, used 175335K [0x00000000e0000000, 0x00000000f5300000, 0x0000000100000000)
  eden space 282112K, 52% used [0x00000000e0000000,0x00000000e90c0830,0x00000000f1380000)
  from space 27136K, 99% used [0x00000000f3880000,0x00000000f52f9430,0x00000000f5300000)
  to   space 31232K, 0% used [0x00000000f1600000,0x00000000f1600000,0x00000000f3480000)
 ParOldGen       total 82432K, used 39169K [0x00000000a0000000, 0x00000000a5080000, 0x00000000e0000000)
  object space 82432K, 47% used [0x00000000a0000000,0x00000000a2640628,0x00000000a5080000)
 Metaspace       used 92755K, capacity 98658K, committed 99032K, reserved 1134592K
  class space    used 11828K, capacity 12861K, committed 13056K, reserved 1048576K
GC Heap History (10 events):
Event: 5742.408 GC heap before
{Heap before GC invocations=34 (full 4):
 PSYoungGen      total 246784K, used 246756K [0x00000000e0000000, 0x00000000f3880000, 0x0000000100000000)
  eden space 225280K, 100% used [0x00000000e0000000,0x00000000edc00000,0x00000000edc00000)
  from space 21504K, 99% used [0x00000000f1300000,0x00000000f27f90a8,0x00000000f2800000)
  to   space 16896K, 0% used [0x00000000f2800000,0x00000000f2800000,0x00000000f3880000)
 ParOldGen       total 82432K, used 39081K [0x00000000a0000000, 0x00000000a5080000, 0x00000000e0000000)
  object space 82432K, 47% used [0x00000000a0000000,0x00000000a262a628,0x00000000a5080000)
 Metaspace       used 92217K, capacity 97938K, committed 98264K, reserved 1134592K
  class space    used 11792K, capacity 12753K, committed 13056K, reserved 1048576K
Event: 5742.428 GC heap after
Heap after GC invocations=34 (full 4):
 PSYoungGen      total 225280K, used 9048K [0x00000000e0000000, 0x00000000f3100000, 0x0000000100000000)
  eden space 216064K, 0% used [0x00000000e0000000,0x00000000e0000000,0x00000000ed300000)
  from space 9216K, 98% used [0x00000000f2800000,0x00000000f30d6070,0x00000000f3100000)
  to   space 25600K, 0% used [0x00000000eff00000,0x00000000eff00000,0x00000000f1800000)
 ParOldGen       total 82432K, used 39089K [0x00000000a0000000, 0x00000000a5080000, 0x00000000e0000000)
  object space 82432K, 47% used [0x00000000a0000000,0x00000000a262c628,0x00000000a5080000)
 Metaspace       used 92217K, capacity 97938K, committed 98264K, reserved 1134592K
  class space    used 11792K, capacity 12753K, committed 13056K, reserved 1048576K
}
Event: 5742.583 GC heap before
{Heap before GC invocations=35 (full 4):
 PSYoungGen      total 225280K, used 225081K [0x00000000e0000000, 0x00000000f3100000, 0x0000000100000000)
  eden space 216064K, 99% used [0x00000000e0000000,0x00000000ed2f8758,0x00000000ed300000)
  from space 9216K, 98% used [0x00000000f2800000,0x00000000f30d6070,0x00000000f3100000)
  to   space 25600K, 0% used [0x00000000eff00000,0x00000000eff00000,0x00000000f1800000)
 ParOldGen       total 82432K, used 39089K [0x00000000a0000000, 0x00000000a5080000, 0x00000000e0000000)
  object space 82432K, 47% used [0x00000000a0000000,0x00000000a262c628,0x00000000a5080000)
 Metaspace       used 92219K, capacity 97938K, committed 98264K, reserved 1134592K
  class space    used 11792K, capacity 12753K, committed 13056K, reserved 1048576K
Event: 5742.605 GC heap after
Heap after GC invocations=35 (full 4):
 PSYoungGen      total 262144K, used 7212K [0x00000000e0000000, 0x00000000f2980000, 0x0000000100000000)
  eden space 254464K, 0% used [0x00000000e0000000,0x00000000e0000000,0x00000000ef880000)
  from space 7680K, 93% used [0x00000000eff00000,0x00000000f060b230,0x00000000f0680000)
  to   space 25088K, 0% used [0x00000000f1100000,0x00000000f1100000,0x00000000f2980000)
 ParOldGen       total 82432K, used 39097K [0x00000000a0000000, 0x00000000a5080000, 0x00000000e0000000)
  object space 82432K, 47% used [0x00000000a0000000,0x00000000a262e628,0x00000000a5080000)
 Metaspace       used 92219K, capacity 97938K, committed 98264K, reserved 1134592K
  class space    used 11792K, capacity 12753K, committed 13056K, reserved 1048576K
}
Event: 6078.933 GC heap before
{Heap before GC invocations=36 (full 4):
 PSYoungGen      total 262144K, used 261674K [0x00000000e0000000, 0x00000000f2980000, 0x0000000100000000)
  eden space 254464K, 99% used [0x00000000e0000000,0x00000000ef87f890,0x00000000ef880000)
  from space 7680K, 93% used [0x00000000eff00000,0x00000000f060b230,0x00000000f0680000)
  to   space 25088K, 0% used [0x00000000f1100000,0x00000000f1100000,0x00000000f2980000)
 ParOldGen       total 82432K, used 39097K [0x00000000a0000000, 0x00000000a5080000, 0x00000000e0000000)
  object space 82432K, 47% used [0x00000000a0000000,0x00000000a262e628,0x00000000a5080000)
 Metaspace       used 92520K, capacity 98344K, committed 98776K, reserved 1134592K
  class space    used 11818K, capacity 12842K, committed 13056K, reserved 1048576K
Event: 6078.992 GC heap after
Heap after GC invocations=36 (full 4):
 PSYoungGen      total 275968K, used 24374K [0x00000000e0000000, 0x00000000f5780000, 0x0000000100000000)
  eden space 250880K, 0% used [0x00000000e0000000,0x00000000e0000000,0x00000000ef500000)
  from space 25088K, 97% used [0x00000000f1100000,0x00000000f28cdbc0,0x00000000f2980000)
  to   space 28672K, 0% used [0x00000000ef500000,0x00000000ef500000,0x00000000f1100000)
 ParOldGen       total 82432K, used 39097K [0x00000000a0000000, 0x00000000a5080000, 0x00000000e0000000)
  object space 82432K, 47% used [0x00000000a0000000,0x00000000a262e628,0x00000000a5080000)
 Metaspace       used 92520K, capacity 98344K, committed 98776K, reserved 1134592K
  class space    used 11818K, capacity 12842K, committed 13056K, reserved 1048576K
}
Event: 6079.721 GC heap before
{Heap before GC invocations=37 (full 4):
 PSYoungGen      total 275968K, used 274322K [0x00000000e0000000, 0x00000000f5780000, 0x0000000100000000)
  eden space 250880K, 99% used [0x00000000e0000000,0x00000000ef416e90,0x00000000ef500000)
  from space 25088K, 97% used [0x00000000f1100000,0x00000000f28cdbc0,0x00000000f2980000)
  to   space 28672K, 0% used [0x00000000ef500000,0x00000000ef500000,0x00000000f1100000)
 ParOldGen       total 82432K, used 39097K [0x00000000a0000000, 0x00000000a5080000, 0x00000000e0000000)
  object space 82432K, 47% used [0x00000000a0000000,0x00000000a262e628,0x00000000a5080000)
 Metaspace       used 92546K, capacity 98408K, committed 98776K, reserved 1134592K
  class space    used 11818K, capacity 12842K, committed 13056K, reserved 1048576K
Event: 6079.755 GC heap after
Heap after GC invocations=37 (full 4):
 PSYoungGen      total 279552K, used 9667K [0x00000000e0000000, 0x00000000f5300000, 0x0000000100000000)
  eden space 250880K, 0% used [0x00000000e0000000,0x00000000e0000000,0x00000000ef500000)
  from space 28672K, 33% used [0x00000000ef500000,0x00000000efe70c60,0x00000000f1100000)
  to   space 27136K, 0% used [0x00000000f3880000,0x00000000f3880000,0x00000000f5300000)
 ParOldGen       total 82432K, used 39105K [0x00000000a0000000, 0x00000000a5080000, 0x00000000e0000000)
  object space 82432K, 47% used [0x00000000a0000000,0x00000000a2630628,0x00000000a5080000)
 Metaspace       used 92546K, capacity 98408K, committed 98776K, reserved 1134592K
  class space    used 11818K, capacity 12842K, committed 13056K, reserved 1048576K
}
Event: 6157.786 GC heap before
{Heap before GC invocations=38 (full 4):
 PSYoungGen      total 279552K, used 260547K [0x00000000e0000000, 0x00000000f5300000, 0x0000000100000000)
  eden space 250880K, 100% used [0x00000000e0000000,0x00000000ef500000,0x00000000ef500000)
  from space 28672K, 33% used [0x00000000ef500000,0x00000000efe70c60,0x00000000f1100000)
  to   space 27136K, 0% used [0x00000000f3880000,0x00000000f3880000,0x00000000f5300000)
 ParOldGen       total 82432K, used 39105K [0x00000000a0000000, 0x00000000a5080000, 0x00000000e0000000)
  object space 82432K, 47% used [0x00000000a0000000,0x00000000a2630628,0x00000000a5080000)
 Metaspace       used 92719K, capacity 98594K, committed 99032K, reserved 1134592K
  class space    used 11828K, capacity 12861K, committed 13056K, reserved 1048576K
Event: 6157.923 GC heap after
Heap after GC invocations=38 (full 4):
 PSYoungGen      total 309248K, used 27109K [0x00000000e0000000, 0x00000000f5300000, 0x0000000100000000)
  eden space 282112K, 0% used [0x00000000e0000000,0x00000000e0000000,0x00000000f1380000)
  from space 27136K, 99% used [0x00000000f3880000,0x00000000f52f9430,0x00000000f5300000)
  to   space 31232K, 0% used [0x00000000f1600000,0x00000000f1600000,0x00000000f3480000)
 ParOldGen       total 82432K, used 39169K [0x00000000a0000000, 0x00000000a5080000, 0x00000000e0000000)
  object space 82432K, 47% used [0x00000000a0000000,0x00000000a2640628,0x00000000a5080000)
 Metaspace       used 92719K, capacity 98594K, committed 99032K, reserved 1134592K
  class space    used 11828K, capacity 12861K, committed 13056K, reserved 1048576K
}

