# JRE version: OpenJDK Runtime Environment (8.0_181-b13) (build 1.8.0_181-b13)
# Java VM: OpenJDK 64-Bit Server VM (25.181-b13 mixed mode linux-amd64 compressed oops)
Heap:
 PSYoungGen      total 169984K, used 21484K [0x00000000e0000000, 0x00000000ebb00000, 0x0000000100000000)
  eden space 148480K, 0% used [0x00000000e0000000,0x00000000e0000000,0x00000000e9100000)
  from space 21504K, 99% used [0x00000000e9100000,0x00000000ea5fb2c0,0x00000000ea600000)
  to   space 18944K, 0% used [0x00000000ea880000,0x00000000ea880000,0x00000000ebb00000)
 ParOldGen       total 92672K, used 42423K [0x00000000a0000000, 0x00000000a5a80000, 0x00000000e0000000)
  object space 92672K, 45% used [0x00000000a0000000,0x00000000a296de00,0x00000000a5a80000)
 Metaspace       used 69357K, capacity 71930K, committed 72152K, reserved 1112064K
  class space    used 9309K, capacity 9908K, committed 9984K, reserved 1048576K
GC Heap History (10 events):
Event: 21.879 GC heap after
Heap after GC invocations=13 (full 2):
 PSYoungGen      total 118272K, used 11576K [0x00000000e0000000, 0x00000000e9780000, 0x0000000100000000)
  eden space 105472K, 0% used [0x00000000e0000000,0x00000000e0000000,0x00000000e6700000)
  from space 12800K, 90% used [0x00000000e6700000,0x00000000e724e358,0x00000000e7380000)
  to   space 13824K, 0% used [0x00000000e8a00000,0x00000000e8a00000,0x00000000e9780000)
 ParOldGen       total 62464K, used 18514K [0x00000000a0000000, 0x00000000a3d00000, 0x00000000e0000000)
  object space 62464K, 29% used [0x00000000a0000000,0x00000000a1214938,0x00000000a3d00000)
 Metaspace       used 43083K, capacity 43941K, committed 44248K, reserved 1087488K
  class space    used 5808K, capacity 6106K, committed 6144K, reserved 1048576K
}
Event: 26.073 GC heap before
{Heap before GC invocations=14 (full 2):
 PSYoungGen      total 118272K, used 117048K [0x00000000e0000000, 0x00000000e9780000, 0x0000000100000000)
  eden space 105472K, 100% used [0x00000000e0000000,0x00000000e6700000,0x00000000e6700000)
  from space 12800K, 90% used [0x00000000e6700000,0x00000000e724e358,0x00000000e7380000)
  to   space 13824K, 0% used [0x00000000e8a00000,0x00000000e8a00000,0x00000000e9780000)
 ParOldGen       total 62464K, used 18514K [0x00000000a0000000, 0x00000000a3d00000, 0x00000000e0000000)
  object space 62464K, 29% used [0x00000000a0000000,0x00000000a1214938,0x00000000a3d00000)
 Metaspace       used 52857K, capacity 54301K, committed 54360K, reserved 1095680K
  class space    used 7133K, capacity 7521K, committed 7552K, reserved 1048576K
Event: 26.112 GC heap after
Heap after GC invocations=14 (full 2):
 PSYoungGen      total 137728K, used 13809K [0x00000000e0000000, 0x00000000e9d80000, 0x0000000100000000)
  eden space 123904K, 0% used [0x00000000e0000000,0x00000000e0000000,0x00000000e7900000)
  from space 13824K, 99% used [0x00000000e8a00000,0x00000000e977c4c8,0x00000000e9780000)
  to   space 17408K, 0% used [0x00000000e7900000,0x00000000e7900000,0x00000000e8a00000)
 ParOldGen       total 62464K, used 21673K [0x00000000a0000000, 0x00000000a3d00000, 0x00000000e0000000)
  object space 62464K, 34% used [0x00000000a0000000,0x00000000a152a528,0x00000000a3d00000)
 Metaspace       used 52857K, capacity 54301K, committed 54360K, reserved 1095680K
  class space    used 7133K, capacity 7521K, committed 7552K, reserved 1048576K
}
Event: 28.228 GC heap before
{Heap before GC invocations=15 (full 2):
 PSYoungGen      total 137728K, used 87651K [0x00000000e0000000, 0x00000000e9d80000, 0x0000000100000000)
  eden space 123904K, 59% used [0x00000000e0000000,0x00000000e481c8d8,0x00000000e7900000)
  from space 13824K, 99% used [0x00000000e8a00000,0x00000000e977c4c8,0x00000000e9780000)
  to   space 17408K, 0% used [0x00000000e7900000,0x00000000e7900000,0x00000000e8a00000)
 ParOldGen       total 62464K, used 21673K [0x00000000a0000000, 0x00000000a3d00000, 0x00000000e0000000)
  object space 62464K, 34% used [0x00000000a0000000,0x00000000a152a528,0x00000000a3d00000)
 Metaspace       used 57216K, capacity 58829K, committed 58968K, reserved 1099776K
  class space    used 7822K, capacity 8275K, committed 8320K, reserved 1048576K
Event: 28.284 GC heap after
Heap after GC invocations=15 (full 2):
 PSYoungGen      total 141312K, used 17390K [0x00000000e0000000, 0x00000000ebc80000, 0x0000000100000000)
  eden space 123904K, 0% used [0x00000000e0000000,0x00000000e0000000,0x00000000e7900000)
  from space 17408K, 99% used [0x00000000e7900000,0x00000000e89fb9f8,0x00000000e8a00000)
  to   space 20480K, 0% used [0x00000000ea880000,0x00000000ea880000,0x00000000ebc80000)
 ParOldGen       total 62464K, used 22698K [0x00000000a0000000, 0x00000000a3d00000, 0x00000000e0000000)
  object space 62464K, 36% used [0x00000000a0000000,0x00000000a162a808,0x00000000a3d00000)
 Metaspace       used 57216K, capacity 58829K, committed 58968K, reserved 1099776K
  class space    used 7822K, capacity 8275K, committed 8320K, reserved 1048576K
}
Event: 28.284 GC heap before
{Heap before GC invocations=16 (full 3):
 PSYoungGen      total 141312K, used 17390K [0x00000000e0000000, 0x00000000ebc80000, 0x0000000100000000)
  eden space 123904K, 0% used [0x00000000e0000000,0x00000000e0000000,0x00000000e7900000)
  from space 17408K, 99% used [0x00000000e7900000,0x00000000e89fb9f8,0x00000000e8a00000)
  to   space 20480K, 0% used [0x00000000ea880000,0x00000000ea880000,0x00000000ebc80000)
 ParOldGen       total 62464K, used 22698K [0x00000000a0000000, 0x00000000a3d00000, 0x00000000e0000000)
  object space 62464K, 36% used [0x00000000a0000000,0x00000000a162a808,0x00000000a3d00000)
 Metaspace       used 57216K, capacity 58829K, committed 58968K, reserved 1099776K
  class space    used 7822K, capacity 8275K, committed 8320K, reserved 1048576K
Event: 28.837 GC heap after
Heap after GC invocations=16 (full 3):
 PSYoungGen      total 141312K, used 0K [0x00000000e0000000, 0x00000000ebc80000, 0x0000000100000000)
  eden space 123904K, 0% used [0x00000000e0000000,0x00000000e0000000,0x00000000e7900000)
  from space 17408K, 0% used [0x00000000e7900000,0x00000000e7900000,0x00000000e8a00000)
  to   space 20480K, 0% used [0x00000000ea880000,0x00000000ea880000,0x00000000ebc80000)
 ParOldGen       total 92672K, used 33575K [0x00000000a0000000, 0x00000000a5a80000, 0x00000000e0000000)
  object space 92672K, 36% used [0x00000000a0000000,0x00000000a20c9df8,0x00000000a5a80000)
 Metaspace       used 57216K, capacity 58829K, committed 58968K, reserved 1099776K
  class space    used 7822K, capacity 8275K, committed 8320K, reserved 1048576K
}
Event: 32.379 GC heap before
{Heap before GC invocations=17 (full 3):
 PSYoungGen      total 141312K, used 123904K [0x00000000e0000000, 0x00000000ebc80000, 0x0000000100000000)
  eden space 123904K, 100% used [0x00000000e0000000,0x00000000e7900000,0x00000000e7900000)
  from space 17408K, 0% used [0x00000000e7900000,0x00000000e7900000,0x00000000e8a00000)
  to   space 20480K, 0% used [0x00000000ea880000,0x00000000ea880000,0x00000000ebc80000)
 ParOldGen       total 92672K, used 33575K [0x00000000a0000000, 0x00000000a5a80000, 0x00000000e0000000)
  object space 92672K, 36% used [0x00000000a0000000,0x00000000a20c9df8,0x00000000a5a80000)
 Metaspace       used 59192K, capacity 60947K, committed 61016K, reserved 1101824K
  class space    used 8103K, capacity 8568K, committed 8576K, reserved 1048576K
Event: 32.446 GC heap after
Heap after GC invocations=17 (full 3):
 PSYoungGen      total 167424K, used 14665K [0x00000000e0000000, 0x00000000ebb00000, 0x0000000100000000)
  eden space 148480K, 0% used [0x00000000e0000000,0x00000000e0000000,0x00000000e9100000)
  from space 18944K, 77% used [0x00000000ea880000,0x00000000eb6d2428,0x00000000ebb00000)
  to   space 21504K, 0% used [0x00000000e9100000,0x00000000e9100000,0x00000000ea600000)
 ParOldGen       total 92672K, used 33583K [0x00000000a0000000, 0x00000000a5a80000, 0x00000000e0000000)
  object space 92672K, 36% used [0x00000000a0000000,0x00000000a20cbdf8,0x00000000a5a80000)
 Metaspace       used 59192K, capacity 60947K, committed 61016K, reserved 1101824K
  class space    used 8103K, capacity 8568K, committed 8576K, reserved 1048576K
}
Event: 49.498 GC heap before
{Heap before GC invocations=18 (full 3):
 PSYoungGen      total 167424K, used 163145K [0x00000000e0000000, 0x00000000ebb00000, 0x0000000100000000)
  eden space 148480K, 100% used [0x00000000e0000000,0x00000000e9100000,0x00000000e9100000)
  from space 18944K, 77% used [0x00000000ea880000,0x00000000eb6d2428,0x00000000ebb00000)
  to   space 21504K, 0% used [0x00000000e9100000,0x00000000e9100000,0x00000000ea600000)
 ParOldGen       total 92672K, used 33583K [0x00000000a0000000, 0x00000000a5a80000, 0x00000000e0000000)
  object space 92672K, 36% used [0x00000000a0000000,0x00000000a20cbdf8,0x00000000a5a80000)
 Metaspace       used 69357K, capacity 71930K, committed 72152K, reserved 1112064K
  class space    used 9309K, capacity 9908K, committed 9984K, reserved 1048576K

