# JRE version: OpenJDK Runtime Environment (8.0_181-b13) (build 1.8.0_181-b13)
# Java VM: OpenJDK 64-Bit Server VM (25.181-b13 mixed mode linux-amd64 compressed oops)
Heap:
 PSYoungGen      total 174080K, used 5085K [0x00000000e0000000, 0x00000000ebf00000, 0x0000000100000000)
  eden space 158208K, 0% used [0x00000000e0000000,0x00000000e0000000,0x00000000e9a80000)
  from space 15872K, 32% used [0x00000000ea000000,0x00000000ea4f7498,0x00000000eaf80000)
  to   space 9216K, 0% used [0x00000000eb600000,0x00000000eb600000,0x00000000ebf00000)
 ParOldGen       total 87552K, used 33996K [0x00000000a0000000, 0x00000000a5580000, 0x00000000e0000000)
  object space 87552K, 38% used [0x00000000a0000000,0x00000000a21333e8,0x00000000a5580000)
 Metaspace       used 63221K, capacity 65149K, committed 65368K, reserved 1105920K
  class space    used 8276K, capacity 8745K, committed 8832K, reserved 1048576K
GC Heap History (10 events):
Event: 16.435 GC heap after
Heap after GC invocations=13 (full 2):
 PSYoungGen      total 119808K, used 11758K [0x00000000e0000000, 0x00000000e9f80000, 0x0000000100000000)
  eden space 108032K, 0% used [0x00000000e0000000,0x00000000e0000000,0x00000000e6980000)
  from space 11776K, 99% used [0x00000000e6980000,0x00000000e74fba10,0x00000000e7500000)
  to   space 13312K, 0% used [0x00000000e9280000,0x00000000e9280000,0x00000000e9f80000)
 ParOldGen       total 53760K, used 16892K [0x00000000a0000000, 0x00000000a3480000, 0x00000000e0000000)
  object space 53760K, 31% used [0x00000000a0000000,0x00000000a107f0f8,0x00000000a3480000)
 Metaspace       used 42606K, capacity 43243K, committed 43608K, reserved 1087488K
  class space    used 5713K, capacity 5899K, committed 6016K, reserved 1048576K
}
Event: 20.345 GC heap before
{Heap before GC invocations=14 (full 2):
 PSYoungGen      total 119808K, used 119790K [0x00000000e0000000, 0x00000000e9f80000, 0x0000000100000000)
  eden space 108032K, 100% used [0x00000000e0000000,0x00000000e6980000,0x00000000e6980000)
  from space 11776K, 99% used [0x00000000e6980000,0x00000000e74fba10,0x00000000e7500000)
  to   space 13312K, 0% used [0x00000000e9280000,0x00000000e9280000,0x00000000e9f80000)
 ParOldGen       total 53760K, used 16892K [0x00000000a0000000, 0x00000000a3480000, 0x00000000e0000000)
  object space 53760K, 31% used [0x00000000a0000000,0x00000000a107f0f8,0x00000000a3480000)
 Metaspace       used 52519K, capacity 53795K, committed 53976K, reserved 1095680K
  class space    used 7076K, capacity 7388K, committed 7424K, reserved 1048576K
Event: 20.391 GC heap after
Heap after GC invocations=14 (full 2):
 PSYoungGen      total 146432K, used 13291K [0x00000000e0000000, 0x00000000ea600000, 0x0000000100000000)
  eden space 133120K, 0% used [0x00000000e0000000,0x00000000e0000000,0x00000000e8200000)
  from space 13312K, 99% used [0x00000000e9280000,0x00000000e9f7afc8,0x00000000e9f80000)
  to   space 16896K, 0% used [0x00000000e8200000,0x00000000e8200000,0x00000000e9280000)
 ParOldGen       total 53760K, used 20637K [0x00000000a0000000, 0x00000000a3480000, 0x00000000e0000000)
  object space 53760K, 38% used [0x00000000a0000000,0x00000000a14275b0,0x00000000a3480000)
 Metaspace       used 52519K, capacity 53795K, committed 53976K, reserved 1095680K
  class space    used 7076K, capacity 7388K, committed 7424K, reserved 1048576K
}
Event: 23.849 GC heap before
{Heap before GC invocations=15 (full 2):
 PSYoungGen      total 146432K, used 89551K [0x00000000e0000000, 0x00000000ea600000, 0x0000000100000000)
  eden space 133120K, 57% used [0x00000000e0000000,0x00000000e4a78dd8,0x00000000e8200000)
  from space 13312K, 99% used [0x00000000e9280000,0x00000000e9f7afc8,0x00000000e9f80000)
  to   space 16896K, 0% used [0x00000000e8200000,0x00000000e8200000,0x00000000e9280000)
 ParOldGen       total 53760K, used 20637K [0x00000000a0000000, 0x00000000a3480000, 0x00000000e0000000)
  object space 53760K, 38% used [0x00000000a0000000,0x00000000a14275b0,0x00000000a3480000)
 Metaspace       used 57452K, capacity 58977K, committed 59028K, reserved 1099776K
  class space    used 7772K, capacity 8169K, committed 8192K, reserved 1048576K
Event: 23.912 GC heap after
Heap after GC invocations=15 (full 2):
 PSYoungGen      total 150016K, used 9050K [0x00000000e0000000, 0x00000000ec600000, 0x0000000100000000)
  eden space 133120K, 0% used [0x00000000e0000000,0x00000000e0000000,0x00000000e8200000)
  from space 16896K, 53% used [0x00000000e8200000,0x00000000e8ad6b40,0x00000000e9280000)
  to   space 16384K, 0% used [0x00000000eb600000,0x00000000eb600000,0x00000000ec600000)
 ParOldGen       total 53760K, used 31899K [0x00000000a0000000, 0x00000000a3480000, 0x00000000e0000000)
  object space 53760K, 59% used [0x00000000a0000000,0x00000000a1f26f50,0x00000000a3480000)
 Metaspace       used 57452K, capacity 58977K, committed 59028K, reserved 1099776K
  class space    used 7772K, capacity 8169K, committed 8192K, reserved 1048576K
}
Event: 23.912 GC heap before
{Heap before GC invocations=16 (full 3):
 PSYoungGen      total 150016K, used 9050K [0x00000000e0000000, 0x00000000ec600000, 0x0000000100000000)
  eden space 133120K, 0% used [0x00000000e0000000,0x00000000e0000000,0x00000000e8200000)
  from space 16896K, 53% used [0x00000000e8200000,0x00000000e8ad6b40,0x00000000e9280000)
  to   space 16384K, 0% used [0x00000000eb600000,0x00000000eb600000,0x00000000ec600000)
 ParOldGen       total 53760K, used 31899K [0x00000000a0000000, 0x00000000a3480000, 0x00000000e0000000)
  object space 53760K, 59% used [0x00000000a0000000,0x00000000a1f26f50,0x00000000a3480000)
 Metaspace       used 57452K, capacity 58977K, committed 59028K, reserved 1099776K
  class space    used 7772K, capacity 8169K, committed 8192K, reserved 1048576K
Event: 24.310 GC heap after
Heap after GC invocations=16 (full 3):
 PSYoungGen      total 150016K, used 0K [0x00000000e0000000, 0x00000000ec600000, 0x0000000100000000)
  eden space 133120K, 0% used [0x00000000e0000000,0x00000000e0000000,0x00000000e8200000)
  from space 16896K, 0% used [0x00000000e8200000,0x00000000e8200000,0x00000000e9280000)
  to   space 16384K, 0% used [0x00000000eb600000,0x00000000eb600000,0x00000000ec600000)
 ParOldGen       total 87552K, used 33980K [0x00000000a0000000, 0x00000000a5580000, 0x00000000e0000000)
  object space 87552K, 38% used [0x00000000a0000000,0x00000000a212f3e8,0x00000000a5580000)
 Metaspace       used 57452K, capacity 58977K, committed 59028K, reserved 1099776K
  class space    used 7772K, capacity 8169K, committed 8192K, reserved 1048576K
}
Event: 100.995 GC heap before
{Heap before GC invocations=17 (full 3):
 PSYoungGen      total 150016K, used 133120K [0x00000000e0000000, 0x00000000ec600000, 0x0000000100000000)
  eden space 133120K, 100% used [0x00000000e0000000,0x00000000e8200000,0x00000000e8200000)
  from space 16896K, 0% used [0x00000000e8200000,0x00000000e8200000,0x00000000e9280000)
  to   space 16384K, 0% used [0x00000000eb600000,0x00000000eb600000,0x00000000ec600000)
 ParOldGen       total 87552K, used 33980K [0x00000000a0000000, 0x00000000a5580000, 0x00000000e0000000)
  object space 87552K, 38% used [0x00000000a0000000,0x00000000a212f3e8,0x00000000a5580000)
 Metaspace       used 62839K, capacity 64691K, committed 64856K, reserved 1105920K
  class space    used 8243K, capacity 8706K, committed 8832K, reserved 1048576K
Event: 101.020 GC heap after
Heap after GC invocations=17 (full 3):
 PSYoungGen      total 167424K, used 8987K [0x00000000e0000000, 0x00000000ebf00000, 0x0000000100000000)
  eden space 158208K, 0% used [0x00000000e0000000,0x00000000e0000000,0x00000000e9a80000)
  from space 9216K, 97% used [0x00000000eb600000,0x00000000ebec6ec8,0x00000000ebf00000)
  to   space 15872K, 0% used [0x00000000ea000000,0x00000000ea000000,0x00000000eaf80000)
 ParOldGen       total 87552K, used 33988K [0x00000000a0000000, 0x00000000a5580000, 0x00000000e0000000)
  object space 87552K, 38% used [0x00000000a0000000,0x00000000a21313e8,0x00000000a5580000)
 Metaspace       used 62839K, capacity 64691K, committed 64856K, reserved 1105920K
  class space    used 8243K, capacity 8706K, committed 8832K, reserved 1048576K
}
Event: 121.698 GC heap before
{Heap before GC invocations=18 (full 3):
 PSYoungGen      total 167424K, used 167195K [0x00000000e0000000, 0x00000000ebf00000, 0x0000000100000000)
  eden space 158208K, 100% used [0x00000000e0000000,0x00000000e9a80000,0x00000000e9a80000)
  from space 9216K, 97% used [0x00000000eb600000,0x00000000ebec6ec8,0x00000000ebf00000)
  to   space 15872K, 0% used [0x00000000ea000000,0x00000000ea000000,0x00000000eaf80000)
 ParOldGen       total 87552K, used 33988K [0x00000000a0000000, 0x00000000a5580000, 0x00000000e0000000)
  object space 87552K, 38% used [0x00000000a0000000,0x00000000a21313e8,0x00000000a5580000)
 Metaspace       used 63221K, capacity 65149K, committed 65368K, reserved 1105920K
  class space    used 8276K, capacity 8745K, committed 8832K, reserved 1048576K

