# JRE version: OpenJDK Runtime Environment (8.0_181-b13) (build 1.8.0_181-b13)
# Java VM: OpenJDK 64-Bit Server VM (25.181-b13 mixed mode linux-amd64 compressed oops)
Heap:
 PSYoungGen      total 365056K, used 3072K [0x00000000e0000000, 0x00000000f8180000, 0x0000000100000000)
  eden space 335360K, 0% used [0x00000000e0000000,0x00000000e0000000,0x00000000f4780000)
  from space 29696K, 10% used [0x00000000f4780000,0x00000000f4a80020,0x00000000f6480000)
  to   space 26624K, 0% used [0x00000000f6780000,0x00000000f6780000,0x00000000f8180000)
 ParOldGen       total 135680K, used 75196K [0x00000000a0000000, 0x00000000a8480000, 0x00000000e0000000)
  object space 135680K, 55% used [0x00000000a0000000,0x00000000a496f0e0,0x00000000a8480000)
 Metaspace       used 94299K, capacity 98781K, committed 99148K, reserved 1134592K
  class space    used 12232K, capacity 13170K, committed 13312K, reserved 1048576K
GC Heap History (10 events):
Event: 1570.226 GC heap after
Heap after GC invocations=28 (full 3):
 PSYoungGen      total 270848K, used 22936K [0x00000000e0000000, 0x00000000f5080000, 0x0000000100000000)
  eden space 240128K, 0% used [0x00000000e0000000,0x00000000e0000000,0x00000000eea80000)
  from space 30720K, 74% used [0x00000000eea80000,0x00000000f00e62c8,0x00000000f0880000)
  to   space 32768K, 0% used [0x00000000f3080000,0x00000000f3080000,0x00000000f5080000)
 ParOldGen       total 88576K, used 68369K [0x00000000a0000000, 0x00000000a5680000, 0x00000000e0000000)
  object space 88576K, 77% used [0x00000000a0000000,0x00000000a42c4540,0x00000000a5680000)
 Metaspace       used 93548K, capacity 98125K, committed 98264K, reserved 1134592K
  class space    used 12262K, capacity 13262K, committed 13312K, reserved 1048576K
}
Event: 1572.473 GC heap before
{Heap before GC invocations=29 (full 3):
 PSYoungGen      total 270848K, used 157684K [0x00000000e0000000, 0x00000000f5080000, 0x0000000100000000)
  eden space 240128K, 56% used [0x00000000e0000000,0x00000000e8396ff0,0x00000000eea80000)
  from space 30720K, 74% used [0x00000000eea80000,0x00000000f00e62c8,0x00000000f0880000)
  to   space 32768K, 0% used [0x00000000f3080000,0x00000000f3080000,0x00000000f5080000)
 ParOldGen       total 88576K, used 68369K [0x00000000a0000000, 0x00000000a5680000, 0x00000000e0000000)
  object space 88576K, 77% used [0x00000000a0000000,0x00000000a42c4540,0x00000000a5680000)
 Metaspace       used 93722K, capacity 98321K, committed 98380K, reserved 1134592K
  class space    used 12263K, capacity 13262K, committed 13312K, reserved 1048576K
Event: 1572.612 GC heap after
Heap after GC invocations=29 (full 3):
 PSYoungGen      total 312832K, used 18015K [0x00000000e0000000, 0x00000000f5680000, 0x0000000100000000)
  eden space 280064K, 0% used [0x00000000e0000000,0x00000000e0000000,0x00000000f1180000)
  from space 32768K, 54% used [0x00000000f3080000,0x00000000f4217f58,0x00000000f5080000)
  to   space 31744K, 0% used [0x00000000f1180000,0x00000000f1180000,0x00000000f3080000)
 ParOldGen       total 88576K, used 72811K [0x00000000a0000000, 0x00000000a5680000, 0x00000000e0000000)
  object space 88576K, 82% used [0x00000000a0000000,0x00000000a471af10,0x00000000a5680000)
 Metaspace       used 93722K, capacity 98321K, committed 98380K, reserved 1134592K
  class space    used 12263K, capacity 13262K, committed 13312K, reserved 1048576K
}
Event: 1572.612 GC heap before
{Heap before GC invocations=30 (full 4):
 PSYoungGen      total 312832K, used 18015K [0x00000000e0000000, 0x00000000f5680000, 0x0000000100000000)
  eden space 280064K, 0% used [0x00000000e0000000,0x00000000e0000000,0x00000000f1180000)
  from space 32768K, 54% used [0x00000000f3080000,0x00000000f4217f58,0x00000000f5080000)
  to   space 31744K, 0% used [0x00000000f1180000,0x00000000f1180000,0x00000000f3080000)
 ParOldGen       total 88576K, used 72811K [0x00000000a0000000, 0x00000000a5680000, 0x00000000e0000000)
  object space 88576K, 82% used [0x00000000a0000000,0x00000000a471af10,0x00000000a5680000)
 Metaspace       used 93722K, capacity 98321K, committed 98380K, reserved 1134592K
  class space    used 12263K, capacity 13262K, committed 13312K, reserved 1048576K
Event: 1573.391 GC heap after
Heap after GC invocations=30 (full 4):
 PSYoungGen      total 312832K, used 0K [0x00000000e0000000, 0x00000000f5680000, 0x0000000100000000)
  eden space 280064K, 0% used [0x00000000e0000000,0x00000000e0000000,0x00000000f1180000)
  from space 32768K, 0% used [0x00000000f3080000,0x00000000f3080000,0x00000000f5080000)
  to   space 31744K, 0% used [0x00000000f1180000,0x00000000f1180000,0x00000000f3080000)
 ParOldGen       total 135680K, used 67685K [0x00000000a0000000, 0x00000000a8480000, 0x00000000e0000000)
  object space 135680K, 49% used [0x00000000a0000000,0x00000000a42197b8,0x00000000a8480000)
 Metaspace       used 93487K, capacity 97871K, committed 98380K, reserved 1134592K
  class space    used 12209K, capacity 13163K, committed 13312K, reserved 1048576K
}
Event: 1577.363 GC heap before
{Heap before GC invocations=31 (full 4):
 PSYoungGen      total 312832K, used 280064K [0x00000000e0000000, 0x00000000f5680000, 0x0000000100000000)
  eden space 280064K, 100% used [0x00000000e0000000,0x00000000f1180000,0x00000000f1180000)
  from space 32768K, 0% used [0x00000000f3080000,0x00000000f3080000,0x00000000f5080000)
  to   space 31744K, 0% used [0x00000000f1180000,0x00000000f1180000,0x00000000f3080000)
 ParOldGen       total 135680K, used 67685K [0x00000000a0000000, 0x00000000a8480000, 0x00000000e0000000)
  object space 135680K, 49% used [0x00000000a0000000,0x00000000a42197b8,0x00000000a8480000)
 Metaspace       used 93858K, capacity 98259K, committed 98892K, reserved 1134592K
  class space    used 12222K, capacity 13167K, committed 13312K, reserved 1048576K
Event: 1577.416 GC heap after
Heap after GC invocations=31 (full 4):
 PSYoungGen      total 311808K, used 16703K [0x00000000e0000000, 0x00000000f8580000, 0x0000000100000000)
  eden space 280064K, 0% used [0x00000000e0000000,0x00000000e0000000,0x00000000f1180000)
  from space 31744K, 52% used [0x00000000f1180000,0x00000000f21cfd50,0x00000000f3080000)
  to   space 30720K, 0% used [0x00000000f6780000,0x00000000f6780000,0x00000000f8580000)
 ParOldGen       total 135680K, used 67693K [0x00000000a0000000, 0x00000000a8480000, 0x00000000e0000000)
  object space 135680K, 49% used [0x00000000a0000000,0x00000000a421b7b8,0x00000000a8480000)
 Metaspace       used 93858K, capacity 98259K, committed 98892K, reserved 1134592K
  class space    used 12222K, capacity 13167K, committed 13312K, reserved 1048576K
}
Event: 1581.193 GC heap before
{Heap before GC invocations=32 (full 4):
 PSYoungGen      total 311808K, used 296767K [0x00000000e0000000, 0x00000000f8580000, 0x0000000100000000)
  eden space 280064K, 100% used [0x00000000e0000000,0x00000000f1180000,0x00000000f1180000)
  from space 31744K, 52% used [0x00000000f1180000,0x00000000f21cfd50,0x00000000f3080000)
  to   space 30720K, 0% used [0x00000000f6780000,0x00000000f6780000,0x00000000f8580000)
 ParOldGen       total 135680K, used 67693K [0x00000000a0000000, 0x00000000a8480000, 0x00000000e0000000)
  object space 135680K, 49% used [0x00000000a0000000,0x00000000a421b7b8,0x00000000a8480000)
 Metaspace       used 94131K, capacity 98561K, committed 99148K, reserved 1134592K
  class space    used 12223K, capacity 13168K, committed 13312K, reserved 1048576K
Event: 1581.245 GC heap after
Heap after GC invocations=32 (full 4):
 PSYoungGen      total 361984K, used 16132K [0x00000000e0000000, 0x00000000f8180000, 0x0000000100000000)
  eden space 335360K, 0% used [0x00000000e0000000,0x00000000e0000000,0x00000000f4780000)
  from space 26624K, 60% used [0x00000000f6780000,0x00000000f7741348,0x00000000f8180000)
  to   space 29696K, 0% used [0x00000000f4780000,0x00000000f4780000,0x00000000f6480000)
 ParOldGen       total 135680K, used 67693K [0x00000000a0000000, 0x00000000a8480000, 0x00000000e0000000)
  object space 135680K, 49% used [0x00000000a0000000,0x00000000a421b7b8,0x00000000a8480000)
 Metaspace       used 94131K, capacity 98561K, committed 99148K, reserved 1134592K
  class space    used 12223K, capacity 13168K, committed 13312K, reserved 1048576K
}
Event: 1586.320 GC heap before
{Heap before GC invocations=33 (full 4):
 PSYoungGen      total 361984K, used 351492K [0x00000000e0000000, 0x00000000f8180000, 0x0000000100000000)
  eden space 335360K, 100% used [0x00000000e0000000,0x00000000f4780000,0x00000000f4780000)
  from space 26624K, 60% used [0x00000000f6780000,0x00000000f7741348,0x00000000f8180000)
  to   space 29696K, 0% used [0x00000000f4780000,0x00000000f4780000,0x00000000f6480000)
 ParOldGen       total 135680K, used 67693K [0x00000000a0000000, 0x00000000a8480000, 0x00000000e0000000)
  object space 135680K, 49% used [0x00000000a0000000,0x00000000a421b7b8,0x00000000a8480000)
 Metaspace       used 94299K, capacity 98781K, committed 99148K, reserved 1134592K
  class space    used 12232K, capacity 13170K, committed 13312K, reserved 1048576K

